# JRE version: Java(TM) SE Runtime Environment (8.0_45-b14) (build 1.8.0_45-b14)
# Java VM: Java HotSpot(TM) 64-Bit Server VM (25.45-b02 mixed mode bsd-amd64 compressed oops)
Heap:
 PSYoungGen      total 121856K, used 51937K [0x000000076cb00000, 0x0000000777980000, 0x00000007c0000000)
  eden space 83456K, 62% used [0x000000076cb00000,0x000000076fdb8758,0x0000000771c80000)
  from space 38400K, 0% used [0x0000000771c80000,0x0000000771c80000,0x0000000774200000)
  to   space 40448K, 0% used [0x0000000775200000,0x0000000775200000,0x0000000777980000)
 ParOldGen       total 169472K, used 107323K [0x00000006c6000000, 0x00000006d0580000, 0x000000076cb00000)
  object space 169472K, 63% used [0x00000006c6000000,0x00000006cc8ced70,0x00000006d0580000)
 Metaspace       used 27295K, capacity 27502K, committed 27776K, reserved 1073152K
  class space    used 3277K, capacity 3335K, committed 3456K, reserved 1048576K
GC Heap History (10 events):
Event: 6.492 GC heap before
{Heap before GC invocations=10 (full 2):
 PSYoungGen      total 77824K, used 70213K [0x000000076cb00000, 0x0000000774a00000, 0x00000007c0000000)
  eden space 51200K, 100% used [0x000000076cb00000,0x000000076fd00000,0x000000076fd00000)
  from space 26624K, 71% used [0x000000076fd00000,0x0000000770f91708,0x0000000771700000)
  to   space 28672K, 0% used [0x0000000772e00000,0x0000000772e00000,0x0000000774a00000)
 ParOldGen       total 138752K, used 80812K [0x00000006c6000000, 0x00000006ce780000, 0x000000076cb00000)
  object space 138752K, 58% used [0x00000006c6000000,0x00000006caeeb0a8,0x00000006ce780000)
 Metaspace       used 13554K, capacity 13724K, committed 13952K, reserved 1060864K
  class space    used 1528K, capacity 1604K, committed 1664K, reserved 1048576K
Event: 6.518 GC heap after
Heap after GC invocations=10 (full 2):
 PSYoungGen      total 98304K, used 23596K [0x000000076cb00000, 0x0000000774f80000, 0x00000007c0000000)
  eden space 69632K, 0% used [0x000000076cb00000,0x000000076cb00000,0x0000000770f00000)
  from space 28672K, 82% used [0x0000000772e00000,0x000000077450b358,0x0000000774a00000)
  to   space 31744K, 0% used [0x0000000770f00000,0x0000000770f00000,0x0000000772e00000)
 ParOldGen       total 138752K, used 80820K [0x00000006c6000000, 0x00000006ce780000, 0x000000076cb00000)
  object space 138752K, 58% used [0x00000006c6000000,0x00000006caeed0a8,0x00000006ce780000)
 Metaspace       used 13554K, capacity 13724K, committed 13952K, reserved 1060864K
  class space    used 1528K, capacity 1604K, committed 1664K, reserved 1048576K
}
Event: 7.012 GC heap before
{Heap before GC invocations=11 (full 2):
 PSYoungGen      total 98304K, used 93228K [0x000000076cb00000, 0x0000000774f80000, 0x00000007c0000000)
  eden space 69632K, 100% used [0x000000076cb00000,0x0000000770f00000,0x0000000770f00000)
  from space 28672K, 82% used [0x0000000772e00000,0x000000077450b358,0x0000000774a00000)
  to   space 31744K, 0% used [0x0000000770f00000,0x0000000770f00000,0x0000000772e00000)
 ParOldGen       total 138752K, used 80820K [0x00000006c6000000, 0x00000006ce780000, 0x000000076cb00000)
  object space 138752K, 58% used [0x00000006c6000000,0x00000006caeed0a8,0x00000006ce780000)
 Metaspace       used 13566K, capacity 13788K, committed 13952K, reserved 1060864K
  class space    used 1528K, capacity 1604K, committed 1664K, reserved 1048576K
Event: 7.049 GC heap after
Heap after GC invocations=11 (full 2):
 PSYoungGen      total 101376K, used 28989K [0x000000076cb00000, 0x0000000776600000, 0x00000007c0000000)
  eden space 69632K, 0% used [0x000000076cb00000,0x000000076cb00000,0x0000000770f00000)
  from space 31744K, 91% used [0x0000000770f00000,0x0000000772b4f718,0x0000000772e00000)
  to   space 36352K, 0% used [0x0000000774280000,0x0000000774280000,0x0000000776600000)
 ParOldGen       total 138752K, used 80820K [0x00000006c6000000, 0x00000006ce780000, 0x000000076cb00000)
  object space 138752K, 58% used [0x00000006c6000000,0x00000006caeed0a8,0x00000006ce780000)
 Metaspace       used 13566K, capacity 13788K, committed 13952K, reserved 1060864K
  class space    used 1528K, capacity 1604K, committed 1664K, reserved 1048576K
}
Event: 8.224 GC heap before
{Heap before GC invocations=12 (full 2):
 PSYoungGen      total 101376K, used 98621K [0x000000076cb00000, 0x0000000776600000, 0x00000007c0000000)
  eden space 69632K, 100% used [0x000000076cb00000,0x0000000770f00000,0x0000000770f00000)
  from space 31744K, 91% used [0x0000000770f00000,0x0000000772b4f718,0x0000000772e00000)
  to   space 36352K, 0% used [0x0000000774280000,0x0000000774280000,0x0000000776600000)
 ParOldGen       total 138752K, used 80820K [0x00000006c6000000, 0x00000006ce780000, 0x000000076cb00000)
  object space 138752K, 58% used [0x00000006c6000000,0x00000006caeed0a8,0x00000006ce780000)
 Metaspace       used 17455K, capacity 17692K, committed 18048K, reserved 1064960K
  class space    used 1970K, capacity 2052K, committed 2176K, reserved 1048576K
Event: 8.255 GC heap after
Heap after GC invocations=12 (full 2):
 PSYoungGen      total 119808K, used 26735K [0x000000076cb00000, 0x0000000776780000, 0x00000007c0000000)
  eden space 83456K, 0% used [0x000000076cb00000,0x000000076cb00000,0x0000000771c80000)
  from space 36352K, 73% used [0x0000000774280000,0x0000000775c9bc50,0x0000000776600000)
  to   space 38400K, 0% used [0x0000000771c80000,0x0000000771c80000,0x0000000774200000)
 ParOldGen       total 138752K, used 80828K [0x00000006c6000000, 0x00000006ce780000, 0x000000076cb00000)
  object space 138752K, 58% used [0x00000006c6000000,0x00000006caeef0a8,0x00000006ce780000)
 Metaspace       used 17455K, capacity 17692K, committed 18048K, reserved 1064960K
  class space    used 1970K, capacity 2052K, committed 2176K, reserved 1048576K
}
Event: 9.279 GC heap before
{Heap before GC invocations=13 (full 2):
 PSYoungGen      total 119808K, used 59723K [0x000000076cb00000, 0x0000000776780000, 0x00000007c0000000)
  eden space 83456K, 39% used [0x000000076cb00000,0x000000076eb37080,0x0000000771c80000)
  from space 36352K, 73% used [0x0000000774280000,0x0000000775c9bc50,0x0000000776600000)
  to   space 38400K, 0% used [0x0000000771c80000,0x0000000771c80000,0x0000000774200000)
 ParOldGen       total 138752K, used 80828K [0x00000006c6000000, 0x00000006ce780000, 0x000000076cb00000)
  object space 138752K, 58% used [0x00000006c6000000,0x00000006caeef0a8,0x00000006ce780000)
 Metaspace       used 20880K, capacity 21052K, committed 21248K, reserved 1069056K
  class space    used 2394K, capacity 2468K, committed 2560K, reserved 1048576K
Event: 9.302 GC heap after
Heap after GC invocations=13 (full 2):
 PSYoungGen      total 121856K, used 26904K [0x000000076cb00000, 0x0000000777980000, 0x00000007c0000000)
  eden space 83456K, 0% used [0x000000076cb00000,0x000000076cb00000,0x0000000771c80000)
  from space 38400K, 70% used [0x0000000771c80000,0x00000007736c6050,0x0000000774200000)
  to   space 40448K, 0% used [0x0000000775200000,0x0000000775200000,0x0000000777980000)
 ParOldGen       total 138752K, used 80836K [0x00000006c6000000, 0x00000006ce780000, 0x000000076cb00000)
  object space 138752K, 58% used [0x00000006c6000000,0x00000006caef10a8,0x00000006ce780000)
 Metaspace       used 20880K, capacity 21052K, committed 21248K, reserved 1069056K
  class space    used 2394K, capacity 2468K, committed 2560K, reserved 1048576K
}
Event: 9.302 GC heap before
{Heap before GC invocations=14 (full 3):
 PSYoungGen      total 121856K, used 26904K [0x000000076cb00000, 0x0000000777980000, 0x00000007c0000000)
  eden space 83456K, 0% used [0x000000076cb00000,0x000000076cb00000,0x0000000771c80000)
  from space 38400K, 70% used [0x0000000771c80000,0x00000007736c6050,0x0000000774200000)
  to   space 40448K, 0% used [0x0000000775200000,0x0000000775200000,0x0000000777980000)
 ParOldGen       total 138752K, used 80836K [0x00000006c6000000, 0x00000006ce780000, 0x000000076cb00000)
  object space 138752K, 58% used [0x00000006c6000000,0x00000006caef10a8,0x00000006ce780000)
 Metaspace       used 20880K, capacity 21052K, committed 21248K, reserved 1069056K
  class space    used 2394K, capacity 2468K, committed 2560K, reserved 1048576K
Event: 9.440 GC heap after
Heap after GC invocations=14 (full 3):
 PSYoungGen      total 121856K, used 0K [0x000000076cb00000, 0x0000000777980000, 0x00000007c0000000)
  eden space 83456K, 0% used [0x000000076cb00000,0x000000076cb00000,0x0000000771c80000)
  from space 38400K, 0% used [0x0000000771c80000,0x0000000771c80000,0x0000000774200000)
  to   space 40448K, 0% used [0x0000000775200000,0x0000000775200000,0x0000000777980000)
 ParOldGen       total 169472K, used 107323K [0x00000006c6000000, 0x00000006d0580000, 0x000000076cb00000)
  object space 169472K, 63% used [0x00000006c6000000,0x00000006cc8ced70,0x00000006d0580000)
 Metaspace       used 20880K, capacity 21052K, committed 21248K, reserved 1069056K
  class space    used 2394K, capacity 2468K, committed 2560K, reserved 1048576K
}

